<?xml version="1.0" encoding="UTF-8" ?>
<testsuites errors="0"
            failures="0"
            tests="2">

  <testsuite name="firstTestSuite"
    errors="0" failures="0" hostname="" id="" package="firstTestSuite" skipped="0"
    tests="2" time="15.73" timestamp="">
  
    <testcase name="step one:Searching and selecting Unibit.bg" classname="firstTestSuite" time="4.075" assertions="2">

    

    
    </testcase>
  
    <testcase name="step two:Finding and selecting weekly schedule" classname="firstTestSuite" time="11.65" assertions="4">

    

    

    

    
    </testcase>
  

  

  
  </testsuite>
</testsuites>
