<?xml version="1.0" encoding="UTF-8" ?>
<testsuites errors="0"
            failures="0"
            tests="3">

  <testsuite name="firstTestSuite"
    errors="0" failures="0" hostname="" id="" package="firstTestSuite" skipped="0"
    tests="3" time="15.71" timestamp="">
  
    <testcase name="step one:Searching and selecting Unibit.bg" classname="firstTestSuite" time="4.659" assertions="2">

    

    
    </testcase>
  
    <testcase name="step two:Finding weekly schedules" classname="firstTestSuite" time="0.9080" assertions="3">

    

    

    
    </testcase>
  
    <testcase name="step three:Selecting weekly schedule" classname="firstTestSuite" time="10.14" assertions="1">

    
    </testcase>
  

  

  
  </testsuite>
</testsuites>
